[debug] [2026-01-06T22:37:14.685Z] ----------------------------------------------------------------------
[debug] [2026-01-06T22:37:14.689Z] Command:       C:\Program Files\nodejs\node.exe C:\Users\asus\AutoPromte\AutoPromote\node_modules\firebase-tools\lib\bin\firebase.js emulators:start --only firestore
[debug] [2026-01-06T22:37:14.690Z] CLI Version:   15.1.0
[debug] [2026-01-06T22:37:14.690Z] Platform:      win32
[debug] [2026-01-06T22:37:14.690Z] Node Version:  v22.20.0
[debug] [2026-01-06T22:37:14.691Z] Time:          Wed Jan 07 2026 00:37:14 GMT+0200 (South Africa Standard Time)
[debug] [2026-01-06T22:37:14.691Z] ----------------------------------------------------------------------
[debug] 
[debug] [2026-01-06T22:37:14.698Z] >>> [apiv2][query] GET https://firebase-public.firebaseio.com/cli.json [none]
[debug] [2026-01-06T22:37:18.860Z] > command requires scopes: ["email","openid","https://www.googleapis.com/auth/cloudplatformprojects.readonly","https://www.googleapis.com/auth/firebase","https://www.googleapis.com/auth/cloud-platform"]
[debug] [2026-01-06T22:37:18.864Z] > authorizing via signed-in user (tmtshwelo21@gmail.com)
[debug] [2026-01-06T22:37:19.107Z] openjdk version "21.0.9" 2025-10-21 LTS

[debug] [2026-01-06T22:37:19.109Z] OpenJDK Runtime Environment Temurin-21.0.9+10 (build 21.0.9+10-LTS)
OpenJDK 64-Bit Server VM Temurin-21.0.9+10 (build 21.0.9+10-LTS, mixed mode, sharing)

[debug] [2026-01-06T22:37:19.133Z] Parsed Java major version: 21
[info] i  emulators: Starting emulators: firestore {"metadata":{"emulator":{"name":"hub"},"message":"Starting emulators: firestore"}}
[debug] [2026-01-06T22:37:19.167Z] [logging] Logging Emulator only supports listening on one address (127.0.0.1). Not listening on ::1
[debug] [2026-01-06T22:37:19.167Z] [firestore] Firestore Emulator only supports listening on one address (127.0.0.1). Not listening on ::1
[debug] [2026-01-06T22:37:19.168Z] [firestore.websocket] websocket server for firestore only supports listening on one address (127.0.0.1). Not listening on ::1
[debug] [2026-01-06T22:37:19.168Z] assigned listening specs for emulators {"user":{"hub":[{"address":"127.0.0.1","family":"IPv4","port":4400},{"address":"::1","family":"IPv6","port":4400}],"ui":[{"address":"127.0.0.1","family":"IPv4","port":4000},{"address":"::1","family":"IPv6","port":4000}],"logging":[{"address":"127.0.0.1","family":"IPv4","port":4500}],"firestore":[{"address":"127.0.0.1","family":"IPv4","port":8080}],"firestore.websocket":[{"address":"127.0.0.1","family":"IPv4","port":9150}]},"metadata":{"message":"assigned listening specs for emulators"}}
[debug] [2026-01-06T22:37:19.181Z] Emulator locator file path: C:\Users\asus\AppData\Local\Temp\hub-autopromote-cc6d3.json
[warn] !  emulators: It seems that you are running multiple instances of the emulator suite for project autopromote-cc6d3. This may result in unexpected behavior. 
[debug] [2026-01-06T22:37:19.184Z] [hub] writing locator at C:\Users\asus\AppData\Local\Temp\hub-autopromote-cc6d3.json
[debug] [2026-01-06T22:37:19.220Z] Ignoring unsupported arg: auto_download {"metadata":{"emulator":{"name":"firestore"},"message":"Ignoring unsupported arg: auto_download"}}
[debug] [2026-01-06T22:37:19.221Z] Ignoring unsupported arg: single_project_mode_error {"metadata":{"emulator":{"name":"firestore"},"message":"Ignoring unsupported arg: single_project_mode_error"}}
[debug] [2026-01-06T22:37:19.221Z] Starting Firestore Emulator with command {"binary":"java","args":["-Dgoogle.cloud_firestore.debug_log_level=FINE","-Duser.language=en","-jar","C:\\Users\\asus\\.cache\\firebase\\emulators\\cloud-firestore-emulator-v1.20.2.jar","--host","127.0.0.1","--port",8080,"--websocket_port",9150,"--project_id","autopromote-cc6d3","--rules","C:\\Users\\asus\\AutoPromte\\AutoPromote\\firestore.rules","--single_project_mode",true],"optionalArgs":["port","webchannel_port","host","rules","websocket_port","functions_emulator","seed_from_export","project_id","single_project_mode"],"joinArgs":false,"shell":false,"port":8080} {"metadata":{"emulator":{"name":"firestore"},"message":"Starting Firestore Emulator with command {\"binary\":\"java\",\"args\":[\"-Dgoogle.cloud_firestore.debug_log_level=FINE\",\"-Duser.language=en\",\"-jar\",\"C:\\\\Users\\\\asus\\\\.cache\\\\firebase\\\\emulators\\\\cloud-firestore-emulator-v1.20.2.jar\",\"--host\",\"127.0.0.1\",\"--port\",8080,\"--websocket_port\",9150,\"--project_id\",\"autopromote-cc6d3\",\"--rules\",\"C:\\\\Users\\\\asus\\\\AutoPromte\\\\AutoPromote\\\\firestore.rules\",\"--single_project_mode\",true],\"optionalArgs\":[\"port\",\"webchannel_port\",\"host\",\"rules\",\"websocket_port\",\"functions_emulator\",\"seed_from_export\",\"project_id\",\"single_project_mode\"],\"joinArgs\":false,\"shell\":false,\"port\":8080}"}}
[info] i  firestore: Firestore Emulator logging to firestore-debug.log {"metadata":{"emulator":{"name":"firestore"},"message":"Firestore Emulator logging to \u001b[1mfirestore-debug.log\u001b[22m"}}
[debug] [2026-01-06T22:37:19.526Z] <<< [apiv2][status] GET https://firebase-public.firebaseio.com/cli.json 200
[debug] [2026-01-06T22:37:19.527Z] <<< [apiv2][body] GET https://firebase-public.firebaseio.com/cli.json {"cloudBuildErrorAfter":1594252800000,"cloudBuildWarnAfter":1590019200000,"defaultNode10After":1594252800000,"minVersion":"3.0.5","node8DeploysDisabledAfter":1613390400000,"node8RuntimeDisabledAfter":1615809600000,"node8WarnAfter":1600128000000}
[debug] [2026-01-06T22:37:30.573Z] Jan 07, 2026 12:37:30 AM com.google.cloud.datastore.emulator.firestore.websocket.WebSocketServer start
INFO: Started WebSocket server on ws://127.0.0.1:9150
 {"metadata":{"emulator":{"name":"firestore"},"message":"Jan 07, 2026 12:37:30 AM com.google.cloud.datastore.emulator.firestore.websocket.WebSocketServer start\r\nINFO: Started WebSocket server on ws://127.0.0.1:9150\r\n"}}
[debug] [2026-01-06T22:37:30.691Z] API endpoint: http:// {"metadata":{"emulator":{"name":"firestore"},"message":"API endpoint: http://"}}
[debug] [2026-01-06T22:37:30.692Z] 127.0.0.1:8080
If you are using a library that supports the FIRESTORE_EMULATOR_HOST environment variable, run:

   export FIRESTORE_EMULATOR_HOST=127.0.0.1:8080

If you are running a Firestore in Datastore Mode project, run:

   export DATASTORE_EMULATOR_HOST=127.0.0.1:8080

Note: Support for Datastore Mode is in preview. If you encounter any bugs please file at https://github.com/firebase/firebase-tools/issues.
Dev App Server is now running.

 {"metadata":{"emulator":{"name":"firestore"},"message":"127.0.0.1:8080\nIf you are using a library that supports the FIRESTORE_EMULATOR_HOST environment variable, run:\r\n\n   export FIRESTORE_EMULATOR_HOST=127.0.0.1:8080\n\nIf you are running a Firestore in Datastore Mode project, run:\r\n\n   export DATASTORE_EMULATOR_HOST=127.0.0.1:8080\n\nNote: Support for Datastore Mode is in preview. If you encounter any bugs please file at https://github.com/firebase/firebase-tools/issues.\r\nDev App Server is now running.\n\r\n"}}
[info] +  firestore: Firestore Emulator UI websocket is running on 9150. {"metadata":{"emulator":{"name":"firestore"},"message":"Firestore Emulator UI websocket is running on 9150."}}
[debug] [2026-01-06T22:37:30.986Z] Could not find VSCode notification endpoint: FetchError: request to http://localhost:40001/vscode/notify failed, reason: . If you are not running the Firebase Data Connect VSCode extension, this is expected and not an issue.
[info] 
┌─────────────────────────────────────────────────────────────┐
│ ✔  All emulators ready! It is now safe to connect your app. │
│ i  View Emulator UI at http://127.0.0.1:4000/               │
└─────────────────────────────────────────────────────────────┘

┌───────────┬────────────────┬─────────────────────────────────┐
│ Emulator  │ Host:Port      │ View in Emulator UI             │
├───────────┼────────────────┼─────────────────────────────────┤
│ Firestore │ 127.0.0.1:8080 │ http://127.0.0.1:4000/firestore │
└───────────┴────────────────┴─────────────────────────────────┘
  Emulator Hub host: 127.0.0.1 port: 4400
  Other reserved ports: 4500, 9150

Issues? Report them at https://github.com/firebase/firebase-tools/issues and attach the *-debug.log files.
 
[debug] [2026-01-06T22:37:31.072Z] Jan 07, 2026 12:37:31 AM io.gapi.emulators.netty.HttpVersionRoutingHandler channelRead
INFO: Detected non-HTTP/2 connection.
 {"metadata":{"emulator":{"name":"firestore"},"message":"Jan 07, 2026 12:37:31 AM io.gapi.emulators.netty.HttpVersionRoutingHandler channelRead\r\nINFO: Detected non-HTTP/2 connection.\r\n"}}
[debug] [2026-01-06T22:37:40.818Z] Jan 07, 2026 12:37:40 AM io.gapi.emulators.netty.HttpVersionRoutingHandler channelRead
INFO: Detected HTTP/2 connection.
 {"metadata":{"emulator":{"name":"firestore"},"message":"Jan 07, 2026 12:37:40 AM io.gapi.emulators.netty.HttpVersionRoutingHandler channelRead\r\nINFO: Detected HTTP/2 connection.\r\n"}}
[debug] [2026-01-06T22:37:42.100Z] Multiple projectIds are not recommended in single project mode. Requested project ID fetch-provider-worker, but the emulator is configured for autopromote-cc6d3. To opt-out of single project mode add/set the '"singleProjectMode": false' property in the firebase.json emulators config.
 {"metadata":{"emulator":{"name":"firestore"},"message":"Multiple projectIds are not recommended in single project mode. Requested project ID fetch-provider-worker, but the emulator is configured for autopromote-cc6d3. To opt-out of single project mode add/set the '\"singleProjectMode\": false' property in the firebase.json emulators config.\r\n"}}
[debug] [2026-01-06T22:37:50.100Z] Multiple projectIds are not recommended in single project mode. Requested project ID fetch-provider-worker, but the emulator is configured for autopromote-cc6d3. To opt-out of single project mode add/set the '"singleProjectMode": false' property in the firebase.json emulators config.
 {"metadata":{"emulator":{"name":"firestore"},"message":"Multiple projectIds are not recommended in single project mode. Requested project ID fetch-provider-worker, but the emulator is configured for autopromote-cc6d3. To opt-out of single project mode add/set the '\"singleProjectMode\": false' property in the firebase.json emulators config.\r\n"}}
[debug] [2026-01-06T22:37:51.747Z] Jan 07, 2026 12:37:51 AM io.gapi.emulators.netty.HttpVersionRoutingHandler channelRead
INFO: Detected non-HTTP/2 connection.
 {"metadata":{"emulator":{"name":"firestore"},"message":"Jan 07, 2026 12:37:51 AM io.gapi.emulators.netty.HttpVersionRoutingHandler channelRead\r\nINFO: Detected non-HTTP/2 connection.\r\n"}}
[debug] [2026-01-06T22:37:52.013Z] Jan 07, 2026 12:37:52 AM io.gapi.emulators.netty.HttpVersionRoutingHandler channelRead
INFO: Detected HTTP/2 connection.
 {"metadata":{"emulator":{"name":"firestore"},"message":"Jan 07, 2026 12:37:52 AM io.gapi.emulators.netty.HttpVersionRoutingHandler channelRead\r\nINFO: Detected HTTP/2 connection.\r\n"}}
[debug] [2026-01-06T22:37:52.074Z] Multiple projectIds are not recommended in single project mode. Requested project ID fetch-provider-worker, but the emulator is configured for autopromote-cc6d3. To opt-out of single project mode add/set the '"singleProjectMode": false' property in the firebase.json emulators config.
 {"metadata":{"emulator":{"name":"firestore"},"message":"Multiple projectIds are not recommended in single project mode. Requested project ID fetch-provider-worker, but the emulator is configured for autopromote-cc6d3. To opt-out of single project mode add/set the '\"singleProjectMode\": false' property in the firebase.json emulators config.\r\n"}}
[debug] [2026-01-06T22:37:54.518Z] Jan 07, 2026 12:37:54 AM io.gapi.emulators.netty.HttpVersionRoutingHandler channelRead
INFO: Detected HTTP/2 connection.
 {"metadata":{"emulator":{"name":"firestore"},"message":"Jan 07, 2026 12:37:54 AM io.gapi.emulators.netty.HttpVersionRoutingHandler channelRead\r\nINFO: Detected HTTP/2 connection.\r\n"}}
[debug] [2026-01-06T22:37:54.535Z] Multiple projectIds are not recommended in single project mode. Requested project ID sound-routes-test, but the emulator is configured for autopromote-cc6d3. To opt-out of single project mode add/set the '"singleProjectMode": false' property in the firebase.json emulators config.
 {"metadata":{"emulator":{"name":"firestore"},"message":"Multiple projectIds are not recommended in single project mode. Requested project ID sound-routes-test, but the emulator is configured for autopromote-cc6d3. To opt-out of single project mode add/set the '\"singleProjectMode\": false' property in the firebase.json emulators config.\r\n"}}
[debug] [2026-01-06T22:37:55.721Z] Multiple projectIds are not recommended in single project mode. Requested project ID sound-routes-test, but the emulator is configured for autopromote-cc6d3. To opt-out of single project mode add/set the '"singleProjectMode": false' property in the firebase.json emulators config.
 {"metadata":{"emulator":{"name":"firestore"},"message":"Multiple projectIds are not recommended in single project mode. Requested project ID sound-routes-test, but the emulator is configured for autopromote-cc6d3. To opt-out of single project mode add/set the '\"singleProjectMode\": false' property in the firebase.json emulators config.\r\n"}}
[debug] [2026-01-06T22:37:55.851Z] Multiple projectIds are not recommended in single project mode. Requested project ID sound-routes-test, but the emulator is configured for autopromote-cc6d3. To opt-out of single project mode add/set the '"singleProjectMode": false' property in the firebase.json emulators config.
 {"metadata":{"emulator":{"name":"firestore"},"message":"Multiple projectIds are not recommended in single project mode. Requested project ID sound-routes-test, but the emulator is configured for autopromote-cc6d3. To opt-out of single project mode add/set the '\"singleProjectMode\": false' property in the firebase.json emulators config.\r\n"}}
[debug] [2026-01-06T22:37:56.081Z] Multiple projectIds are not recommended in single project mode. Requested project ID sound-routes-test, but the emulator is configured for autopromote-cc6d3. To opt-out of single project mode add/set the '"singleProjectMode": false' property in the firebase.json emulators config.
 {"metadata":{"emulator":{"name":"firestore"},"message":"Multiple projectIds are not recommended in single project mode. Requested project ID sound-routes-test, but the emulator is configured for autopromote-cc6d3. To opt-out of single project mode add/set the '\"singleProjectMode\": false' property in the firebase.json emulators config.\r\n"}}
[debug] [2026-01-06T22:37:56.870Z] Jan 07, 2026 12:37:56 AM io.gapi.emulators.netty.HttpVersionRoutingHandler channelRead
INFO: Detected HTTP/2 connection.
 {"metadata":{"emulator":{"name":"firestore"},"message":"Jan 07, 2026 12:37:56 AM io.gapi.emulators.netty.HttpVersionRoutingHandler channelRead\r\nINFO: Detected HTTP/2 connection.\r\n"}}
[debug] [2026-01-06T22:37:56.896Z] Multiple projectIds are not recommended in single project mode. Requested project ID sound-service, but the emulator is configured for autopromote-cc6d3. To opt-out of single project mode add/set the '"singleProjectMode": false' property in the firebase.json emulators config.
 {"metadata":{"emulator":{"name":"firestore"},"message":"Multiple projectIds are not recommended in single project mode. Requested project ID sound-service, but the emulator is configured for autopromote-cc6d3. To opt-out of single project mode add/set the '\"singleProjectMode\": false' property in the firebase.json emulators config.\r\n"}}
[debug] [2026-01-06T22:37:57.382Z] Multiple projectIds are not recommended in single project mode. Requested project ID sound-service, but the emulator is configured for autopromote-cc6d3. To opt-out of single project mode add/set the '"singleProjectMode": false' property in the firebase.json emulators config.
 {"metadata":{"emulator":{"name":"firestore"},"message":"Multiple projectIds are not recommended in single project mode. Requested project ID sound-service, but the emulator is configured for autopromote-cc6d3. To opt-out of single project mode add/set the '\"singleProjectMode\": false' property in the firebase.json emulators config.\r\n"}}
[debug] [2026-01-06T22:37:57.493Z] Multiple projectIds are not recommended in single project mode. Requested project ID sound-service, but the emulator is configured for autopromote-cc6d3. To opt-out of single project mode add/set the '"singleProjectMode": false' property in the firebase.json emulators config.
 {"metadata":{"emulator":{"name":"firestore"},"message":"Multiple projectIds are not recommended in single project mode. Requested project ID sound-service, but the emulator is configured for autopromote-cc6d3. To opt-out of single project mode add/set the '\"singleProjectMode\": false' property in the firebase.json emulators config.\r\n"}}
[debug] [2026-01-06T22:37:57.739Z] Multiple projectIds are not recommended in single project mode. Requested project ID sound-service, but the emulator is configured for autopromote-cc6d3. To opt-out of single project mode add/set the '"singleProjectMode": false' property in the firebase.json emulators config.
 {"metadata":{"emulator":{"name":"firestore"},"message":"Multiple projectIds are not recommended in single project mode. Requested project ID sound-service, but the emulator is configured for autopromote-cc6d3. To opt-out of single project mode add/set the '\"singleProjectMode\": false' property in the firebase.json emulators config.\r\n"}}
[debug] [2026-01-06T22:37:57.846Z] Multiple projectIds are not recommended in single project mode. Requested project ID sound-service, but the emulator is configured for autopromote-cc6d3. To opt-out of single project mode add/set the '"singleProjectMode": false' property in the firebase.json emulators config.
 {"metadata":{"emulator":{"name":"firestore"},"message":"Multiple projectIds are not recommended in single project mode. Requested project ID sound-service, but the emulator is configured for autopromote-cc6d3. To opt-out of single project mode add/set the '\"singleProjectMode\": false' property in the firebase.json emulators config.\r\n"}}
[debug] [2026-01-06T22:37:58.008Z] Multiple projectIds are not recommended in single project mode. Requested project ID sound-service, but the emulator is configured for autopromote-cc6d3. To opt-out of single project mode add/set the '"singleProjectMode": false' property in the firebase.json emulators config.
 {"metadata":{"emulator":{"name":"firestore"},"message":"Multiple projectIds are not recommended in single project mode. Requested project ID sound-service, but the emulator is configured for autopromote-cc6d3. To opt-out of single project mode add/set the '\"singleProjectMode\": false' property in the firebase.json emulators config.\r\n"}}
[debug] [2026-01-06T22:37:59.465Z] Jan 07, 2026 12:37:59 AM io.gapi.emulators.netty.HttpVersionRoutingHandler channelRead
INFO: Detected HTTP/2 connection.
 {"metadata":{"emulator":{"name":"firestore"},"message":"Jan 07, 2026 12:37:59 AM io.gapi.emulators.netty.HttpVersionRoutingHandler channelRead\r\nINFO: Detected HTTP/2 connection.\r\n"}}
[debug] [2026-01-06T22:37:59.478Z] Multiple projectIds are not recommended in single project mode. Requested project ID memetic-seed-test, but the emulator is configured for autopromote-cc6d3. To opt-out of single project mode add/set the '"singleProjectMode": false' property in the firebase.json emulators config.
 {"metadata":{"emulator":{"name":"firestore"},"message":"Multiple projectIds are not recommended in single project mode. Requested project ID memetic-seed-test, but the emulator is configured for autopromote-cc6d3. To opt-out of single project mode add/set the '\"singleProjectMode\": false' property in the firebase.json emulators config.\r\n"}}
[debug] [2026-01-06T22:37:59.899Z] Multiple projectIds are not recommended in single project mode. Requested project ID memetic-seed-test, but the emulator is configured for autopromote-cc6d3. To opt-out of single project mode add/set the '"singleProjectMode": false' property in the firebase.json emulators config.
 {"metadata":{"emulator":{"name":"firestore"},"message":"Multiple projectIds are not recommended in single project mode. Requested project ID memetic-seed-test, but the emulator is configured for autopromote-cc6d3. To opt-out of single project mode add/set the '\"singleProjectMode\": false' property in the firebase.json emulators config.\r\n"}}
[debug] [2026-01-06T22:38:00.159Z] Multiple projectIds are not recommended in single project mode. Requested project ID memetic-seed-test, but the emulator is configured for autopromote-cc6d3. To opt-out of single project mode add/set the '"singleProjectMode": false' property in the firebase.json emulators config.
 {"metadata":{"emulator":{"name":"firestore"},"message":"Multiple projectIds are not recommended in single project mode. Requested project ID memetic-seed-test, but the emulator is configured for autopromote-cc6d3. To opt-out of single project mode add/set the '\"singleProjectMode\": false' property in the firebase.json emulators config.\r\n"}}
[debug] [2026-01-06T22:38:00.356Z] Multiple projectIds are not recommended in single project mode. Requested project ID memetic-seed-test, but the emulator is configured for autopromote-cc6d3. To opt-out of single project mode add/set the '"singleProjectMode": false' property in the firebase.json emulators config.
 {"metadata":{"emulator":{"name":"firestore"},"message":"Multiple projectIds are not recommended in single project mode. Requested project ID memetic-seed-test, but the emulator is configured for autopromote-cc6d3. To opt-out of single project mode add/set the '\"singleProjectMode\": false' property in the firebase.json emulators config.\r\n"}}
[debug] [2026-01-06T22:38:00.607Z] Multiple projectIds are not recommended in single project mode. Requested project ID memetic-seed-test, but the emulator is configured for autopromote-cc6d3. To opt-out of single project mode add/set the '"singleProjectMode": false' property in the firebase.json emulators config.
 {"metadata":{"emulator":{"name":"firestore"},"message":"Multiple projectIds are not recommended in single project mode. Requested project ID memetic-seed-test, but the emulator is configured for autopromote-cc6d3. To opt-out of single project mode add/set the '\"singleProjectMode\": false' property in the firebase.json emulators config.\r\n"}}
[debug] [2026-01-06T22:38:01.573Z] Jan 07, 2026 12:38:01 AM io.gapi.emulators.netty.HttpVersionRoutingHandler channelRead
INFO: Detected HTTP/2 connection.
 {"metadata":{"emulator":{"name":"firestore"},"message":"Jan 07, 2026 12:38:01 AM io.gapi.emulators.netty.HttpVersionRoutingHandler channelRead\r\nINFO: Detected HTTP/2 connection.\r\n"}}
[debug] [2026-01-06T22:38:01.589Z] Multiple projectIds are not recommended in single project mode. Requested project ID clip-routes-test, but the emulator is configured for autopromote-cc6d3. To opt-out of single project mode add/set the '"singleProjectMode": false' property in the firebase.json emulators config.
 {"metadata":{"emulator":{"name":"firestore"},"message":"Multiple projectIds are not recommended in single project mode. Requested project ID clip-routes-test, but the emulator is configured for autopromote-cc6d3. To opt-out of single project mode add/set the '\"singleProjectMode\": false' property in the firebase.json emulators config.\r\n"}}
[debug] [2026-01-06T22:38:03.299Z] Multiple projectIds are not recommended in single project mode. Requested project ID clip-routes-test, but the emulator is configured for autopromote-cc6d3. To opt-out of single project mode add/set the '"singleProjectMode": false' property in the firebase.json emulators config.
 {"metadata":{"emulator":{"name":"firestore"},"message":"Multiple projectIds are not recommended in single project mode. Requested project ID clip-routes-test, but the emulator is configured for autopromote-cc6d3. To opt-out of single project mode add/set the '\"singleProjectMode\": false' property in the firebase.json emulators config.\r\n"}}
[debug] [2026-01-06T22:38:03.446Z] Multiple projectIds are not recommended in single project mode. Requested project ID clip-routes-test, but the emulator is configured for autopromote-cc6d3. To opt-out of single project mode add/set the '"singleProjectMode": false' property in the firebase.json emulators config.
 {"metadata":{"emulator":{"name":"firestore"},"message":"Multiple projectIds are not recommended in single project mode. Requested project ID clip-routes-test, but the emulator is configured for autopromote-cc6d3. To opt-out of single project mode add/set the '\"singleProjectMode\": false' property in the firebase.json emulators config.\r\n"}}
[debug] [2026-01-06T22:38:03.621Z] Multiple projectIds are not recommended in single project mode. Requested project ID clip-routes-test, but the emulator is configured for autopromote-cc6d3. To opt-out of single project mode add/set the '"singleProjectMode": false' property in the firebase.json emulators config.
 {"metadata":{"emulator":{"name":"firestore"},"message":"Multiple projectIds are not recommended in single project mode. Requested project ID clip-routes-test, but the emulator is configured for autopromote-cc6d3. To opt-out of single project mode add/set the '\"singleProjectMode\": false' property in the firebase.json emulators config.\r\n"}}
[debug] [2026-01-06T22:38:03.783Z] Multiple projectIds are not recommended in single project mode. Requested project ID clip-routes-test, but the emulator is configured for autopromote-cc6d3. To opt-out of single project mode add/set the '"singleProjectMode": false' property in the firebase.json emulators config.
 {"metadata":{"emulator":{"name":"firestore"},"message":"Multiple projectIds are not recommended in single project mode. Requested project ID clip-routes-test, but the emulator is configured for autopromote-cc6d3. To opt-out of single project mode add/set the '\"singleProjectMode\": false' property in the firebase.json emulators config.\r\n"}}
[debug] [2026-01-06T22:38:04.679Z] Jan 07, 2026 12:38:04 AM io.gapi.emulators.netty.HttpVersionRoutingHandler channelRead
INFO: Detected HTTP/2 connection.
 {"metadata":{"emulator":{"name":"firestore"},"message":"Jan 07, 2026 12:38:04 AM io.gapi.emulators.netty.HttpVersionRoutingHandler channelRead\r\nINFO: Detected HTTP/2 connection.\r\n"}}
[debug] [2026-01-06T22:38:04.691Z] Multiple projectIds are not recommended in single project mode. Requested project ID memetic-test, but the emulator is configured for autopromote-cc6d3. To opt-out of single project mode add/set the '"singleProjectMode": false' property in the firebase.json emulators config.
 {"metadata":{"emulator":{"name":"firestore"},"message":"Multiple projectIds are not recommended in single project mode. Requested project ID memetic-test, but the emulator is configured for autopromote-cc6d3. To opt-out of single project mode add/set the '\"singleProjectMode\": false' property in the firebase.json emulators config.\r\n"}}
[debug] [2026-01-06T22:38:05.352Z] Multiple projectIds are not recommended in single project mode. Requested project ID memetic-test, but the emulator is configured for autopromote-cc6d3. To opt-out of single project mode add/set the '"singleProjectMode": false' property in the firebase.json emulators config.
 {"metadata":{"emulator":{"name":"firestore"},"message":"Multiple projectIds are not recommended in single project mode. Requested project ID memetic-test, but the emulator is configured for autopromote-cc6d3. To opt-out of single project mode add/set the '\"singleProjectMode\": false' property in the firebase.json emulators config.\r\n"}}
[debug] [2026-01-06T22:38:05.575Z] Multiple projectIds are not recommended in single project mode. Requested project ID memetic-test, but the emulator is configured for autopromote-cc6d3. To opt-out of single project mode add/set the '"singleProjectMode": false' property in the firebase.json emulators config.
 {"metadata":{"emulator":{"name":"firestore"},"message":"Multiple projectIds are not recommended in single project mode. Requested project ID memetic-test, but the emulator is configured for autopromote-cc6d3. To opt-out of single project mode add/set the '\"singleProjectMode\": false' property in the firebase.json emulators config.\r\n"}}
[debug] [2026-01-06T22:40:14.586Z] Jan 07, 2026 12:40:14 AM io.netty.channel.DefaultChannelPipeline onUnhandledInboundException
WARNING: An exceptionCaught() event was fired, and it reached at the tail of the pipeline. It usually means the last handler in the pipeline did not handle the exception.
java.net.SocketException: Connection reset
	at java.base/sun.nio.ch.SocketChannelImpl.throwConnectionReset(SocketChannelImpl.java:401)
	at java.base/sun.nio.ch.SocketChannelImpl.read(SocketChannelImpl.java:434)
	at io.netty.buffer.PooledByteBuf.setBytes(PooledByteBuf.java:255)
	at io.netty.buffer.AbstractByteBuf.writeBytes(AbstractByteBuf.java:1132)
	at io.netty.channel.socket.nio.NioSocketChannel.doReadBytes(NioSocketChannel.java:356)
	at io.netty.channel.nio.AbstractNioByteChannel$NioByteUnsafe.read(AbstractNioByteChannel.java:151)
	at io.netty.channel.nio.NioEventLoop.processSelectedKey(NioEventLoop.java:796)
	at io.netty.channel.nio.NioEventLoop.processSelectedKeysOptimized(NioEventLoop.java:732)
	at io.netty.channel.nio.NioEventLoop.processSelectedKeys(NioEventLoop.java:658)
	at io.netty.channel.nio.NioEventLoop.run(NioEventLoop.java:562)
	at io.netty.util.concurrent.SingleThreadEventExecutor$4.run(SingleThreadEventExecutor.java:998)
	at io.netty.util.internal.ThreadExecutorMap$2.run(ThreadExecutorMap.java:74)
	at io.netty.util.concurrent.FastThreadLocalRunnable.run(FastThreadLocalRunnable.java:30)
	at java.base/java.lang.Thread.run(Thread.java:1583)

 {"metadata":{"emulator":{"name":"firestore"},"message":"Jan 07, 2026 12:40:14 AM io.netty.channel.DefaultChannelPipeline onUnhandledInboundException\r\nWARNING: An exceptionCaught() event was fired, and it reached at the tail of the pipeline. It usually means the last handler in the pipeline did not handle the exception.\r\njava.net.SocketException: Connection reset\r\n\tat java.base/sun.nio.ch.SocketChannelImpl.throwConnectionReset(SocketChannelImpl.java:401)\r\n\tat java.base/sun.nio.ch.SocketChannelImpl.read(SocketChannelImpl.java:434)\r\n\tat io.netty.buffer.PooledByteBuf.setBytes(PooledByteBuf.java:255)\r\n\tat io.netty.buffer.AbstractByteBuf.writeBytes(AbstractByteBuf.java:1132)\r\n\tat io.netty.channel.socket.nio.NioSocketChannel.doReadBytes(NioSocketChannel.java:356)\r\n\tat io.netty.channel.nio.AbstractNioByteChannel$NioByteUnsafe.read(AbstractNioByteChannel.java:151)\r\n\tat io.netty.channel.nio.NioEventLoop.processSelectedKey(NioEventLoop.java:796)\r\n\tat io.netty.channel.nio.NioEventLoop.processSelectedKeysOptimized(NioEventLoop.java:732)\r\n\tat io.netty.channel.nio.NioEventLoop.processSelectedKeys(NioEventLoop.java:658)\r\n\tat io.netty.channel.nio.NioEventLoop.run(NioEventLoop.java:562)\r\n\tat io.netty.util.concurrent.SingleThreadEventExecutor$4.run(SingleThreadEventExecutor.java:998)\r\n\tat io.netty.util.internal.ThreadExecutorMap$2.run(ThreadExecutorMap.java:74)\r\n\tat io.netty.util.concurrent.FastThreadLocalRunnable.run(FastThreadLocalRunnable.java:30)\r\n\tat java.base/java.lang.Thread.run(Thread.java:1583)\r\n\r\n"}}
